

> bonchef-native@1.0.0 android-simulator /Users/hammon000/bonchef-monorepo/apps/native
> expo run:android

[90menv: load .env.local[39m
[90menv: export EXPO_PUBLIC_SUPABASE_ANON_KEY EXPO_PUBLIC_SUPABASE_URL EXPO_PUBLIC_ANDROID_SIMULATOR_SUPABASE_URL[39m
[expo-share-intent] IOS module disabled
› Building app...
The operation couldn’t be completed. Unable to locate a Java Runtime.
Please visit http://www.java.com for information on installing Java.

[31mError: /Users/hammon000/bonchef-monorepo/apps/native/android/gradlew app:assembleDebug -x lint -x test --configure-on-demand --build-cache -PreactNativeDevServerPort=8081 -PreactNativeArchitectures=arm64-v8a exited with non-zero code: 1[39m
[90mError: /Users/hammon000/bonchef-monorepo/apps/native/android/gradlew app:assembleDebug -x lint -x test --configure-on-demand --build-cache -PreactNativeDevServerPort=8081 -PreactNativeArchitectures=arm64-v8a exited with non-zero code: 1[39m
[90m    at ChildProcess.completionListener (/Users/hammon000/bonchef-monorepo/apps/native/node_modules/@expo/spawn-async/src/spawnAsync.ts:67:13)[39m
[90m    at Object.onceWrapper (node:events:633:26)[39m
[90m    at ChildProcess.emit (node:events:518:28)[39m
[90m    at maybeClose (node:internal/child_process:1101:16)[39m
[90m    at Process.ChildProcess._handle.onexit (node:internal/child_process:304:5)[39m
[90m    ...[39m
[90m    at spawnAsync (/Users/hammon000/bonchef-monorepo/apps/native/node_modules/@expo/spawn-async/src/spawnAsync.ts:28:21)[39m
[90m    at spawnGradleAsync (/Users/hammon000/bonchef-monorepo/apps/native/node_modules/@expo/cli/src/start/platforms/android/gradle.ts:134:28)[39m
[90m    at assembleAsync (/Users/hammon000/bonchef-monorepo/apps/native/node_modules/@expo/cli/src/start/platforms/android/gradle.ts:83:16)[39m
[90m    at runAndroidAsync (/Users/hammon000/bonchef-monorepo/apps/native/node_modules/@expo/cli/src/run/android/runAndroidAsync.ts:62:24)[39m
[41m[30m ELIFECYCLE [39m[49m [31mCommand failed with exit code 1.[39m
