

> native@1.0.0 ios-simulator /Users/hammon000/bonchef-monorepo/apps/native
> expo run:ios

[90menv: load .env.local[39m
[90menv: export EXPO_PUBLIC_SUPABASE_ANON_KEY EXPO_PUBLIC_SUPABASE_URL EXPO_PUBLIC_ANDROID_SIMULATOR_SUPABASE_URL[39m
[?25l[36m⠋[39m [1mInstalling CocoaPods...[22m[2K[1G[36m⠙[39m [1mInstalling CocoaPods...[22m[2K[1G[36m⠹[39m [1mInstalling CocoaPods...[22m[2K[1G[36m⠸[39m [1mInstalling CocoaPods...[22m[2K[1G[36m⠼[39m [1mInstalling CocoaPods...[22m[2K[1G[36m⠴[39m [1mInstalling CocoaPods...[22m[2K[1G[36m⠦[39m [1mInstalling CocoaPods...[22m[2K[1G[36m⠧[39m [1mInstalling CocoaPods...[22m[2K[1G[36m⠇[39m [1mInstalling CocoaPods...[22m[2K[1G[36m⠏[39m [1mInstalling CocoaPods...[22m[2K[1G[36m⠋[39m [1mInstalling CocoaPods...[22m[2K[1G[36m⠙[39m [1mInstalling CocoaPods...[22m[2K[1G[36m⠹[39m [1mInstalling CocoaPods...[22m[2K[1G[36m⠸[39m [1mInstalling CocoaPods...[22m[2K[1G[36m⠼[39m [1mInstalling CocoaPods...[22m[2K[1G[36m⠴[39m [1mInstalling CocoaPods...[22m[2K[1G[36m⠦[39m [1mInstalling CocoaPods...[22m[2K[1G[36m⠧[39m [1mInstalling CocoaPods...[22m[2K[1G[36m⠇[39m [1mInstalling CocoaPods...[22m[2K[1G[36m⠏[39m [1mInstalling CocoaPods...[22m[2K[1G[36m⠋[39m [1mInstalling CocoaPods...[22m[2K[1G[36m⠙[39m [1mInstalling CocoaPods...[22m[2K[1G[36m⠹[39m [1mInstalling CocoaPods...[22m[2K[1G[36m⠸[39m [1mInstalling CocoaPods...[22m[2K[1G[36m⠼[39m [1mInstalling CocoaPods...[22m[2K[1G[36m⠴[39m [1mInstalling CocoaPods...[22m[2K[1G[36m⠦[39m [1mInstalling CocoaPods...[22m[2K[1G[36m⠧[39m [1mInstalling CocoaPods...[22m[2K[1G[36m⠇[39m [1mInstalling CocoaPods...[22m[2K[1G[36m⠏[39m [1mInstalling CocoaPods...[22m[2K[1G[36m⠋[39m [1mInstalling CocoaPods...[22m[2K[1G[36m⠙[39m [1mInstalling CocoaPods...[22m[2K[1G[36m⠹[39m [1mInstalling CocoaPods...[22m[2K[1G[36m⠸[39m [1mInstalling CocoaPods...[22m[2K[1G[36m⠼[39m [1mInstalling CocoaPods...[22m[2K[1G[36m⠴[39m [1mInstalling CocoaPods...[22m[2K[1G[36m⠦[39m [1mInstalling CocoaPods...[22m[2K[1G[36m⠧[39m [1mInstalling CocoaPods...[22m[2K[1G[36m⠇[39m [1mInstalling CocoaPods...[22m[2K[1G[36m⠏[39m [1mInstalling CocoaPods...[22m[2K[1G[36m⠋[39m [1mInstalling CocoaPods...[22m[2K[1G[36m⠙[39m [1mInstalling CocoaPods...[22m[2K[1G[36m⠹[39m [1mInstalling CocoaPods...[22m[2K[1G[36m⠸[39m [1mInstalling CocoaPods...[22m[2K[1G[36m⠼[39m [1mInstalling CocoaPods...[22m[2K[1G[36m⠴[39m [1mInstalling CocoaPods...[22m[2K[1G[36m⠦[39m [1mInstalling CocoaPods...[22m[2K[1G[36m⠧[39m [1mInstalling CocoaPods...[22m[2K[1G[36m⠇[39m [1mInstalling CocoaPods...[22m[2K[1G[36m⠏[39m [1mInstalling CocoaPods...[22m[2K[1G[36m⠋[39m [1mInstalling CocoaPods...[22m[2K[1G[36m⠙[39m [1mInstalling CocoaPods...[22m[2K[1G[36m⠹[39m [1mInstalling CocoaPods...[22m[2K[1G[36m⠸[39m [1mInstalling CocoaPods...[22m[2K[1G[36m⠼[39m [1mInstalling CocoaPods...[22m[2K[1G[36m⠴[39m [1mInstalling CocoaPods...[22m[2K[1G[36m⠦[39m [1mInstalling CocoaPods...[22m[2K[1G[36m⠧[39m [1mInstalling CocoaPods...[22m[2K[1G[36m⠇[39m [1mInstalling CocoaPods...[22m[2K[1G[36m⠏[39m [1mInstalling CocoaPods...[22m[2K[1G[36m⠋[39m [1mInstalling CocoaPods...[22m[2K[1G[36m⠙[39m [1mInstalling CocoaPods...[22m[2K[1G[36m⠹[39m [1mInstalling CocoaPods...[22m[2K[1G[36m⠸[39m [1mInstalling CocoaPods...[22m[2K[1G[36m⠼[39m [1mInstalling CocoaPods...[22m[2K[1G[36m⠴[39m [1mInstalling CocoaPods...[22m[2K[1G[36m⠦[39m [1mInstalling CocoaPods...[22m[2K[1G[36m⠧[39m [1mInstalling CocoaPods...[22m[2K[1G[36m⠇[39m [1mInstalling CocoaPods...[22m[2K[1G[36m⠏[39m [1mInstalling CocoaPods...[22m[2K[1G[36m⠋[39m [1mInstalling CocoaPods...[22m[2K[1G[36m⠙[39m [1mInstalling CocoaPods...[22m[2K[1G[36m⠹[39m [1mInstalling CocoaPods...[22m[2K[1G[36m⠸[39m [1mInstalling CocoaPods...[22m[2K[1G[36m⠼[39m [1mInstalling CocoaPods...[22m[2K[1G[36m⠴[39m [1mInstalling CocoaPods...[22m[2K[1G[36m⠦[39m [1mInstalling CocoaPods...[22m[2K[1G[36m⠧[39m [1mInstalling CocoaPods...[22m[2K[1G[36m⠇[39m [1mInstalling CocoaPods...[22m[2K[1G[36m⠏[39m [1mInstalling CocoaPods...[22m[2K[1G[36m⠋[39m [1mInstalling CocoaPods...[22m[2K[1G[36m⠙[39m [1mInstalling CocoaPods...[22m[2K[1G[36m⠹[39m [1mInstalling CocoaPods...[22m[2K[1G[36m⠸[39m [1mInstalling CocoaPods...[22m[2K[1G[36m⠼[39m [1mInstalling CocoaPods...[22m[2K[1G[36m⠴[39m [1mInstalling CocoaPods...[22m[2K[1G[36m⠦[39m [1mInstalling CocoaPods...[22m[2K[1G[36m⠧[39m [1mInstalling CocoaPods...[22m[2K[1G[36m⠇[39m [1mInstalling CocoaPods...[22m[2K[1G[36m⠏[39m [1mInstalling CocoaPods...[22m[2K[1G[36m⠋[39m [1mInstalling CocoaPods...[22m[2K[1G[36m⠙[39m [1mInstalling CocoaPods...[22m[2K[1G[36m⠹[39m [1mInstalling CocoaPods...[22m[2K[1G[36m⠸[39m [1mInstalling CocoaPods...[22m[2K[1G[36m⠼[39m [1mInstalling CocoaPods...[22m[2K[1G[36m⠴[39m [1mInstalling CocoaPods...[22m[2K[1G[36m⠦[39m [1mInstalling CocoaPods...[22m[2K[1G[36m⠧[39m [1mInstalling CocoaPods...[22m[2K[1G[36m⠇[39m [1mInstalling CocoaPods...[22m[2K[1G[36m⠏[39m [1mInstalling CocoaPods...[22m[2K[1G[36m⠋[39m [1mInstalling CocoaPods...[22m[2K[1G[36m⠙[39m [1mInstalling CocoaPods...[22m[2K[1G[36m⠹[39m [1mInstalling CocoaPods...[22m[2K[1G[36m⠸[39m [1mInstalling CocoaPods...[22m[2K[1G[36m⠼[39m [1mInstalling CocoaPods...[22m[2K[1G[36m⠴[39m [1mInstalling CocoaPods...[22m[2K[1G[36m⠦[39m [1mInstalling CocoaPods...[22m[2K[1G[36m⠧[39m [1mInstalling CocoaPods...[22m[2K[1G[36m⠇[39m [1mInstalling CocoaPods...[22m[2K[1G[36m⠏[39m [1mInstalling CocoaPods...[22m[2K[1G[36m⠋[39m [1mInstalling CocoaPods...[22m[2K[1G[36m⠙[39m [1mInstalling CocoaPods...[22m[2K[1G[36m⠹[39m [1mInstalling CocoaPods...[22m[2K[1G[36m⠸[39m [1mInstalling CocoaPods...[22m[2K[1G[36m⠼[39m [1mInstalling CocoaPods...[22m[2K[1G[36m⠴[39m [1mInstalling CocoaPods...[22m[2K[1G[36m⠦[39m [1mInstalling CocoaPods...[22m[2K[1G[36m⠧[39m [1mInstalling CocoaPods...[22m[2K[1G[36m⠇[39m [1mInstalling CocoaPods...[22m[2K[1G[36m⠏[39m [1mInstalling CocoaPods...[22m[2K[1G[36m⠋[39m [1mInstalling CocoaPods...[22m[2K[1G[36m⠙[39m [1mInstalling CocoaPods...[22m[2K[1G[36m⠹[39m [1mInstalling CocoaPods...[22m[2K[1G[36m⠸[39m [1mInstalling CocoaPods...[22m[2K[1G[36m⠼[39m [1mInstalling CocoaPods...[22m[2K[1G[36m⠴[39m [1mInstalling CocoaPods...[22m[2K[1G[36m⠦[39m [1mInstalling CocoaPods...[22m[2K[1G[36m⠧[39m [1mInstalling CocoaPods...[22m[2K[1G[36m⠇[39m [1mInstalling CocoaPods...[22m[2K[1G[36m⠏[39m [1mInstalling CocoaPods...[22m[2K[1G[36m⠋[39m [1mInstalling CocoaPods...[22m[2K[1G[36m⠙[39m [1mInstalling CocoaPods...[22m[2K[1G[36m⠹[39m [1mInstalling CocoaPods...[22m[2K[1G[36m⠸[39m [1mInstalling CocoaPods...[22m[2K[1G[36m⠼[39m [1mInstalling CocoaPods...[22m[2K[1G[36m⠴[39m [1mInstalling CocoaPods...[22m[2K[1G[36m⠦[39m [1mInstalling CocoaPods...[22m[2K[1G[36m⠧[39m [1mInstalling CocoaPods...[22m[2K[1G[36m⠇[39m [1mInstalling CocoaPods...[22m[2K[1G[36m⠏[39m [1mInstalling CocoaPods...[22m[2K[1G[36m⠋[39m [1mInstalling CocoaPods...[22m[2K[1G[36m⠙[39m [1mInstalling CocoaPods...[22m[2K[1G[36m⠹[39m [1mInstalling CocoaPods...[22m[2K[1G[36m⠸[39m [1mInstalling CocoaPods...[22m[2K[1G[36m⠼[39m [1mInstalling CocoaPods...[22m[2K[1G[36m⠴[39m [1mInstalling CocoaPods...[22m[2K[1G[36m⠦[39m [1mInstalling CocoaPods...[22m[2K[1G[36m⠧[39m [1mInstalling CocoaPods...[22m[2K[1G[36m⠇[39m [1mInstalling CocoaPods...[22m[2K[1G[36m⠏[39m [1mInstalling CocoaPods...[22m[2K[1G[36m⠋[39m [1mInstalling CocoaPods...[22m[2K[1G[36m⠙[39m [1mInstalling CocoaPods...[22m[2K[1G[36m⠹[39m [1mInstalling CocoaPods...[22m[2K[1G[36m⠸[39m [1mInstalling CocoaPods...[22m[2K[1G[36m⠼[39m [1mInstalling CocoaPods...[22m[2K[1G[36m⠴[39m [1mInstalling CocoaPods...[22m[2K[1G[36m⠦[39m [1mInstalling CocoaPods...[22m[2K[1G[36m⠧[39m [1mInstalling CocoaPods...[22m[2K[1G[36m⠇[39m [1mInstalling CocoaPods...[22m[2K[1G[36m⠏[39m [1mInstalling CocoaPods...[22m[2K[1G[36m⠋[39m [1mInstalling CocoaPods...[22m[2K[1G[36m⠙[39m [1mInstalling CocoaPods...[22m[2K[1G[36m⠹[39m [1mInstalling CocoaPods...[22m[2K[1G[36m⠸[39m [1mInstalling CocoaPods...[22m[2K[1G[36m⠼[39m [1mInstalling CocoaPods...[22m[2K[1G[36m⠴[39m [1mInstalling CocoaPods...[22m[2K[1G[36m⠦[39m [1mInstalling CocoaPods...[22m[2K[1G[36m⠧[39m [1mInstalling CocoaPods...[22m[2K[1G[36m⠇[39m [1mInstalling CocoaPods...[22m[2K[1G[36m⠏[39m [1mInstalling CocoaPods...[22m[2K[1G[36m⠋[39m [1mInstalling CocoaPods...[22m[2K[1G[36m⠙[39m [1mInstalling CocoaPods...[22m[2K[1G[36m⠹[39m [1mInstalling CocoaPods...[22m[2K[1G[36m⠸[39m [1mInstalling CocoaPods...[22m[2K[1G[36m⠼[39m [1mInstalling CocoaPods...[22m[2K[1G[36m⠴[39m [1mInstalling CocoaPods...[22m[2K[1G[36m⠦[39m [1mInstalling CocoaPods...[22m[2K[1G[36m⠧[39m [1mInstalling CocoaPods...[22m[2K[1G[36m⠇[39m [1mInstalling CocoaPods...[22m[2K[1G[36m⠏[39m [1mInstalling CocoaPods...[22m[2K[1G[36m⠋[39m [1mInstalling CocoaPods...[22m[2K[1G[36m⠙[39m [1mInstalling CocoaPods...[22m[2K[1G[36m⠹[39m [1mInstalling CocoaPods...[22m[2K[1G[36m⠸[39m [1mInstalling CocoaPods...[22m[2K[1G[36m⠼[39m [1mInstalling CocoaPods...[22m[2K[1G[36m⠴[39m [1mInstalling CocoaPods...[22m[2K[1G[36m⠦[39m [1mInstalling CocoaPods...[22m[2K[1G[36m⠧[39m [1mInstalling CocoaPods...[22m[2K[1G[36m⠇[39m [1mInstalling CocoaPods...[22m[2K[1G[36m⠏[39m [1mInstalling CocoaPods...[22m[2K[1G[36m⠋[39m [1mInstalling CocoaPods...[22m[2K[1G[36m⠙[39m [1mInstalling CocoaPods...[22m[2K[1G[36m⠹[39m [1mInstalling CocoaPods...[22m[2K[1G[36m⠸[39m [1mInstalling CocoaPods...[22m[2K[1G[36m⠼[39m [1mInstalling CocoaPods...[22m[2K[1G[36m⠴[39m [1mInstalling CocoaPods...[22m[2K[1G[36m⠦[39m [1mInstalling CocoaPods...[22m[2K[1G[36m⠧[39m [1mInstalling CocoaPods...[22m[2K[1G[36m⠇[39m [1mInstalling CocoaPods...[22m[2K[1G[36m⠏[39m [1mInstalling CocoaPods...[22m[2K[1G[36m⠋[39m [1mInstalling CocoaPods...[22m[2K[1G[36m⠙[39m [1mInstalling CocoaPods...[22m[2K[1G[36m⠹[39m [1mInstalling CocoaPods...[22m[2K[1G[36m⠸[39m [1mInstalling CocoaPods...[22m[2K[1G[36m⠼[39m [1mInstalling CocoaPods...[22m[2K[1G[36m⠴[39m [1mInstalling CocoaPods...[22m[2K[1G[36m⠦[39m [1mInstalling CocoaPods...[22m[2K[1G[36m⠧[39m [1mInstalling CocoaPods...[22m[2K[1G[36m⠇[39m [1mInstalling CocoaPods...[22m[2K[1G[36m⠏[39m [1mInstalling CocoaPods...[22m[2K[1G[36m⠋[39m [1mInstalling CocoaPods...[22m[2K[1G[36m⠙[39m [1mInstalling CocoaPods...[22m[2K[1G[36m⠹[39m [1mInstalling CocoaPods...[22m[2K[1G[36m⠸[39m [1mInstalling CocoaPods...[22m[2K[1G[36m⠼[39m [1mInstalling CocoaPods...[22m[2K[1G[36m⠴[39m [1mInstalling CocoaPods...[22m[2K[1G[36m⠦[39m [1mInstalling CocoaPods...[22m[2K[1G[36m⠧[39m [1mInstalling CocoaPods...[22m[2K[1G[36m⠇[39m [1mInstalling CocoaPods...[22m[2K[1G[36m⠏[39m [1mInstalling CocoaPods...[22m[2K[1G[36m⠋[39m [1mInstalling CocoaPods...[22m[2K[1G[36m⠙[39m [1mInstalling CocoaPods...[22m[2K[1G[?25h[32m✔[39m Installed CocoaPods
[expo-share-intent] IOS module disabled
[97m›[39m [1mPlanning build[22m
[37m›[39m [1mExecuting[22m [36mreact-native[39m Pods/hermes-engine » [CP-User] [Hermes] Replace Hermes for the right configuration, if needed
[37m›[39m [1mPreparing[22m Pods/RCT-Folly-RCT-Folly_privacy » ResourceBundle-RCT-Folly_privacy-RCT-Folly-Info.plist
[37m›[39m [1mPreparing[22m Pods/boost-boost_privacy » ResourceBundle-boost_privacy-boost-Info.plist
[37m›[39m [1mPreparing[22m Pods/glog-glog_privacy » ResourceBundle-glog_privacy-glog-Info.plist
[37m›[39m [1mPreparing[22m Pods/React-Core-React-Core_privacy » ResourceBundle-React-Core_privacy-React-Core-Info.plist
[37m›[39m [1mPreparing[22m Pods/React-cxxreact-React-cxxreact_privacy » ResourceBundle-React-cxxreact_privacy-React-cxxreact-Info.plist
[37m›[39m [1mExecuting[22m [36mreact-native[39m Pods/React-Fabric » [CP-User] [RN]Check rncore
[37m›[39m [1mExecuting[22m [36mreact-native[39m Pods/React-RCTFBReactNativeSpec » [CP-User] [RN]Check FBReactNativeSpec
[37m›[39m [1mExecuting[22m [36mreact-native[39m Pods/React-FabricComponents » [CP-User] [RN]Check rncore
[37m›[39m [1mCompiling[22m [36mnative[39m Pods/ReactCodegen » States.cpp
[37m›[39m [1mCompiling[22m [36mnative[39m Pods/ReactCodegen » ComponentDescriptors.cpp
[37m›[39m [1mCompiling[22m [36mnative[39m Pods/ReactCodegen » EventEmitters.cpp
[37m›[39m [1mCompiling[22m [36mnative[39m Pods/ReactCodegen » ComponentDescriptors.cpp
[37m›[39m [1mCompiling[22m [36mnative[39m Pods/ReactCodegen » EventEmitters.cpp
[37m›[39m [1mCompiling[22m [36mnative[39m Pods/ReactCodegen » EventEmitters.cpp
[37m›[39m [1mCompiling[22m [36mnative[39m Pods/ReactCodegen » ComponentDescriptors.cpp
[37m›[39m [1mCompiling[22m [36mnative[39m Pods/ReactCodegen » EventEmitters.cpp
[37m›[39m [1mCompiling[22m [36mnative[39m Pods/ReactCodegen » NitroModulesSpec-generated.mm
[37m›[39m [1mCompiling[22m [36mnative[39m Pods/ReactCodegen » Props.cpp
[37m›[39m [1mCompiling[22m [36mnative[39m Pods/ReactCodegen » NitroModulesSpecJSI-generated.cpp
[37m›[39m [1mCompiling[22m [36mnative[39m Pods/ReactCodegen » ComponentDescriptors.cpp
[37m›[39m [1mCompiling[22m [36mnative[39m Pods/ReactCodegen » Props.cpp
[37m›[39m [1mCompiling[22m [36mnative[39m Pods/ReactCodegen » safeareacontextJSI-generated.cpp
[37m›[39m [1mCompiling[22m [36mnative[39m Pods/ReactCodegen » safeareacontext-generated.mm
[37m›[39m [1mCompiling[22m [36mnative[39m Pods/ReactCodegen » rnscreensJSI-generated.cpp
[37m›[39m [1mCompiling[22m [36mnative[39m Pods/ReactCodegen » rnscreens-generated.mm
[37m›[39m [1mCompiling[22m [36mnative[39m Pods/ReactCodegen » rnreanimatedJSI-generated.cpp
[37m›[39m [1mCompiling[22m [36mnative[39m Pods/ReactCodegen » rnreanimated-generated.mm
[37m›[39m [1mCompiling[22m [36mnative[39m Pods/ReactCodegen » rngesturehandler_codegenJSI-generated.cpp
[37m›[39m [1mCompiling[22m [36mnative[39m Pods/ReactCodegen » rngesturehandler_codegen-generated.mm
[37m›[39m [1mCompiling[22m [36mnative[39m Pods/ReactCodegen » States.cpp
[37m›[39m [1mCompiling[22m [36mnative[39m Pods/ReactCodegen » States.cpp
[37m›[39m [1mCompiling[22m [36mnative[39m Pods/ReactCodegen » States.cpp
[37m›[39m [1mCompiling[22m [36mnative[39m Pods/ReactCodegen » ShadowNodes.cpp
[37m›[39m [1mCompiling[22m [36mnative[39m Pods/ReactCodegen » ShadowNodes.cpp
[37m›[39m [1mCompiling[22m [36mnative[39m Pods/ReactCodegen » ShadowNodes.cpp
[37m›[39m [1mCompiling[22m [36mnative[39m Pods/ReactCodegen » ShadowNodes.cpp
[37m›[39m [1mCompiling[22m [36mnative[39m Pods/ReactCodegen » RNMmkvSpecJSI-generated.cpp
[37m›[39m [1mCompiling[22m [36mnative[39m Pods/ReactCodegen » RNMmkvSpec-generated.mm
[37m›[39m [1mCompiling[22m [36mnative[39m Pods/ReactCodegen » RNCWebViewSpecJSI-generated.cpp
[37m›[39m [1mCompiling[22m [36mnative[39m Pods/ReactCodegen » RNCWebViewSpec-generated.mm
[37m›[39m [1mCompiling[22m [36mnative[39m Pods/ReactCodegen » RCTThirdPartyComponentsProvider.mm
[37m›[39m [1mCompiling[22m [36mnative[39m Pods/ReactCodegen » RCTModulesConformingToProtocolsProvider.mm
[37m›[39m [1mCompiling[22m [36mnative[39m Pods/ReactCodegen » RCTModuleProviders.mm
[37m›[39m [1mCompiling[22m [36mnative[39m Pods/ReactCodegen » Props.cpp
[37m›[39m [1mCompiling[22m [36mnative[39m Pods/ReactCodegen » Props.cpp
[37m›[39m [1mPackaging[22m [36mnative[39m Pods/ReactCodegen » libReactCodegen.a
[37m›[39m [1mCompiling[22m [36mreact-native-nitro-modules[39m Pods/NitroModules » NativeNitroModules+NewArch.mm
[37m›[39m [1mCompiling[22m [36mreact-native-nitro-modules[39m Pods/NitroModules » NativeNitroModules+OldArch.mm
[37m›[39m [1mPackaging[22m [36mreact-native-nitro-modules[39m Pods/NitroModules » libNitroModules.a
[37m›[39m [1mPreparing[22m Pods/ExpoSystemUI-ExpoSystemUI_privacy » ResourceBundle-ExpoSystemUI_privacy-ExpoSystemUI-Info.plist
[37m›[39m [1mPreparing[22m [36mexpo-image[39m Pods/SDWebImage-SDWebImage » ResourceBundle-SDWebImage-SDWebImage-Info.plist
[37m›[39m [1mPreparing[22m [36mexpo-constants[39m Pods/EXConstants-EXConstants » ResourceBundle-EXConstants-EXConstants-Info.plist
[37m›[39m [1mPreparing[22m Pods/EXConstants-ExpoConstants_privacy » ResourceBundle-ExpoConstants_privacy-EXConstants-Info.plist
[37m›[39m [1mExecuting[22m [36mexpo-constants[39m Pods/EXConstants » [CP-User] Generate app.config for prebuilt Constants.manifest
[37m›[39m [1mPreparing[22m Pods/ExpoFileSystem-ExpoFileSystem_privacy » ResourceBundle-ExpoFileSystem_privacy-ExpoFileSystem-Info.plist
[37m›[39m [1mCompiling[22m [36mnative[39m Pods/ReactAppDependencyProvider » RCTAppDependencyProvider.mm
[37m›[39m [1mPackaging[22m [36mnative[39m Pods/ReactAppDependencyProvider » libReactAppDependencyProvider.a
[37m›[39m [1mPackaging[22m [36mexpo[39m Pods/Expo » libExpo.a
[37m›[39m [1mPreparing[22m Pods/expo-dev-menu-EXDevMenu » ResourceBundle-EXDevMenu-expo-dev-menu-Info.plist
[37m›[39m [1mPackaging[22m [36mexpo-dev-menu[39m Pods/expo-dev-menu » libexpo-dev-menu.a
[37m›[39m [1mPreparing[22m Pods/expo-dev-launcher-EXDevLauncher » ResourceBundle-EXDevLauncher-expo-dev-launcher-Info.plist
[37m›[39m [1mCompiling[22m [36mexpo-dev-launcher[39m Pods/expo-dev-launcher » EXDevLauncherController.m
[37m›[39m [1mPackaging[22m [36mexpo-dev-launcher[39m Pods/expo-dev-launcher » libexpo-dev-launcher.a
    [33mRun script build phase 'Bundle React Native code and images' will be run during every build because it does not specify any outputs. To address this issue, either add output dependencies to the script phase, or configure it to run in every build by unchecking "Based on dependency analysis" in the script phase. (in target 'bonchefnativeShareExtension' from project 'bonchefnative')[39m
    [33mRun script build phase 'Start Packager' will be run during every build because it does not specify any outputs. To address this issue, either add output dependencies to the script phase, or configure it to run in every build by unchecking "Based on dependency analysis" in the script phase. (in target 'bonchefnativeShareExtension' from project 'bonchefnative')[39m
[37m›[39m [1mCompiling[22m [36mreact-native-webview[39m Pods/react-native-webview » RNCWebView.mm
[37m›[39m [1mCompiling[22m [36mreact-native-webview[39m Pods/react-native-webview » RNCWebViewModule.mm
[37m›[39m [1mPackaging[22m [36mreact-native-webview[39m Pods/react-native-webview » libreact-native-webview.a
[37m›[39m [1mCompiling[22m [36mreact-native-safe-area-context[39m Pods/react-native-safe-area-context » RNCSafeAreaContext.mm
[37m›[39m [1mCompiling[22m [36mreact-native-safe-area-context[39m Pods/react-native-safe-area-context » RNCSafeAreaViewState.cpp
[37m›[39m [1mCompiling[22m [36mreact-native-safe-area-context[39m Pods/react-native-safe-area-context » RNCSafeAreaViewShadowNode.cpp
[37m›[39m [1mCompiling[22m [36mreact-native-safe-area-context[39m Pods/react-native-safe-area-context » RNCSafeAreaProviderComponentView.mm
[37m›[39m [1mCompiling[22m [36mreact-native-safe-area-context[39m Pods/react-native-safe-area-context » RNCSafeAreaViewComponentView.mm
[37m›[39m [1mPackaging[22m [36mreact-native-safe-area-context[39m Pods/react-native-safe-area-context » libreact-native-safe-area-context.a
[37m›[39m [1mCompiling[22m [36mreact-native-mmkv[39m Pods/react-native-mmkv » MmkvHostObject.cpp
[37m›[39m [1mCompiling[22m [36mreact-native-mmkv[39m Pods/react-native-mmkv » MmkvOnLoad.mm
[37m›[39m [1mCompiling[22m [36mreact-native-mmkv[39m Pods/react-native-mmkv » NativeMmkvModule.cpp
[37m›[39m [1mCompiling[22m [36mreact-native-mmkv[39m Pods/react-native-mmkv » MmkvPlatformContextModule.mm
[37m›[39m [1mPackaging[22m [36mreact-native-mmkv[39m Pods/react-native-mmkv » libreact-native-mmkv.a
[37m›[39m [1mCompiling[22m [36mreact-native-screens[39m Pods/RNScreens » RNSConvert.mm
[37m›[39m [1mCompiling[22m [36mreact-native-screens[39m Pods/RNScreens » RNSScreenStackHeaderSubview.mm
